CRITICAL - 2021-06-27 06:52:09 --> syntax error, unexpected ','
#0 C:\xampp\htdocs\wp3\UAS_Web3\system\Autoloader\Autoloader.php(265): CodeIgniter\Autoloader\Autoloader->includeFile('C:\\xampp\\htdocs...')
#1 C:\xampp\htdocs\wp3\UAS_Web3\system\Autoloader\Autoloader.php(228): CodeIgniter\Autoloader\Autoloader->loadInNamespace('App\\Controllers...')
#2 [internal function]: CodeIgniter\Autoloader\Autoloader->loadClass('App\\Controllers...')
#3 [internal function]: spl_autoload_call('App\\Controllers...')
#4 C:\xampp\htdocs\wp3\UAS_Web3\system\CodeIgniter.php(893): class_exists('\\App\\Controller...', true)
#5 C:\xampp\htdocs\wp3\UAS_Web3\system\CodeIgniter.php(417): CodeIgniter\CodeIgniter->startController()
#6 C:\xampp\htdocs\wp3\UAS_Web3\system\CodeIgniter.php(333): CodeIgniter\CodeIgniter->handleRequest(NULL, Object(Config\Cache), false)
#7 C:\xampp\htdocs\wp3\UAS_Web3\public\index.php(44): CodeIgniter\CodeIgniter->run()
#8 {main}
CRITICAL - 2021-06-27 06:59:40 --> syntax error, unexpected 'where' (T_STRING)
#0 C:\xampp\htdocs\wp3\UAS_Web3\system\Router\Router.php(170): CodeIgniter\Router\Router->autoRoute('/')
#1 C:\xampp\htdocs\wp3\UAS_Web3\system\CodeIgniter.php(816): CodeIgniter\Router\Router->handle('/')
#2 C:\xampp\htdocs\wp3\UAS_Web3\system\CodeIgniter.php(385): CodeIgniter\CodeIgniter->tryToRouteIt(Object(CodeIgniter\Router\RouteCollection))
#3 C:\xampp\htdocs\wp3\UAS_Web3\system\CodeIgniter.php(333): CodeIgniter\CodeIgniter->handleRequest(NULL, Object(Config\Cache), false)
#4 C:\xampp\htdocs\wp3\UAS_Web3\public\index.php(44): CodeIgniter\CodeIgniter->run()
#5 {main}
CRITICAL - 2021-06-27 07:21:23 --> syntax error, unexpected '(', expecting identifier (T_STRING) or variable (T_VARIABLE) or '{' or '$'
#0 C:\xampp\htdocs\wp3\UAS_Web3\system\Router\Router.php(170): CodeIgniter\Router\Router->autoRoute('home')
#1 C:\xampp\htdocs\wp3\UAS_Web3\system\CodeIgniter.php(816): CodeIgniter\Router\Router->handle('home')
#2 C:\xampp\htdocs\wp3\UAS_Web3\system\CodeIgniter.php(385): CodeIgniter\CodeIgniter->tryToRouteIt(Object(CodeIgniter\Router\RouteCollection))
#3 C:\xampp\htdocs\wp3\UAS_Web3\system\CodeIgniter.php(333): CodeIgniter\CodeIgniter->handleRequest(NULL, Object(Config\Cache), false)
#4 C:\xampp\htdocs\wp3\UAS_Web3\public\index.php(44): CodeIgniter\CodeIgniter->run()
#5 {main}
CRITICAL - 2021-06-27 07:28:17 --> Undefined variable: _SESSION
#0 C:\xampp\htdocs\wp3\UAS_Web3\app\Views\header_view.php(52): CodeIgniter\Debug\Exceptions->errorHandler(8, 'Undefined varia...', 'C:\\xampp\\htdocs...', 52, Array)
#1 C:\xampp\htdocs\wp3\UAS_Web3\system\View\View.php(220): include('C:\\xampp\\htdocs...')
#2 C:\xampp\htdocs\wp3\UAS_Web3\system\View\View.php(222): CodeIgniter\View\View->CodeIgniter\View\{closure}()
#3 C:\xampp\htdocs\wp3\UAS_Web3\system\Common.php(1217): CodeIgniter\View\View->render('header_view', Array, true)
#4 C:\xampp\htdocs\wp3\UAS_Web3\app\Controllers\Home.php(19): view('header_view')
#5 C:\xampp\htdocs\wp3\UAS_Web3\system\CodeIgniter.php(936): App\Controllers\Home->rekom()
#6 C:\xampp\htdocs\wp3\UAS_Web3\system\CodeIgniter.php(432): CodeIgniter\CodeIgniter->runController(Object(App\Controllers\Home))
#7 C:\xampp\htdocs\wp3\UAS_Web3\system\CodeIgniter.php(333): CodeIgniter\CodeIgniter->handleRequest(NULL, Object(Config\Cache), false)
#8 C:\xampp\htdocs\wp3\UAS_Web3\public\index.php(44): CodeIgniter\CodeIgniter->run()
#9 {main}
CRITICAL - 2021-06-27 07:29:07 --> syntax error, unexpected '$session' (T_VARIABLE), expecting function (T_FUNCTION) or const (T_CONST)
#0 C:\xampp\htdocs\wp3\UAS_Web3\system\Router\Router.php(170): CodeIgniter\Router\Router->autoRoute('home/rekom')
#1 C:\xampp\htdocs\wp3\UAS_Web3\system\CodeIgniter.php(816): CodeIgniter\Router\Router->handle('home/rekom')
#2 C:\xampp\htdocs\wp3\UAS_Web3\system\CodeIgniter.php(385): CodeIgniter\CodeIgniter->tryToRouteIt(Object(CodeIgniter\Router\RouteCollection))
#3 C:\xampp\htdocs\wp3\UAS_Web3\system\CodeIgniter.php(333): CodeIgniter\CodeIgniter->handleRequest(NULL, Object(Config\Cache), false)
#4 C:\xampp\htdocs\wp3\UAS_Web3\public\index.php(44): CodeIgniter\CodeIgniter->run()
#5 {main}
CRITICAL - 2021-06-27 08:45:08 --> Call to undefined method CodeIgniter\Session\Session::unset()
#0 C:\xampp\htdocs\wp3\UAS_Web3\system\CodeIgniter.php(936): App\Controllers\User->logout()
#1 C:\xampp\htdocs\wp3\UAS_Web3\system\CodeIgniter.php(432): CodeIgniter\CodeIgniter->runController(Object(App\Controllers\User))
#2 C:\xampp\htdocs\wp3\UAS_Web3\system\CodeIgniter.php(333): CodeIgniter\CodeIgniter->handleRequest(NULL, Object(Config\Cache), false)
#3 C:\xampp\htdocs\wp3\UAS_Web3\public\index.php(44): CodeIgniter\CodeIgniter->run()
#4 {main}
CRITICAL - 2021-06-27 08:47:59 --> Undefined index: nama
#0 C:\xampp\htdocs\wp3\UAS_Web3\app\Views\navbar_view.php(31): CodeIgniter\Debug\Exceptions->errorHandler(8, 'Undefined index...', 'C:\\xampp\\htdocs...', 31, Array)
#1 C:\xampp\htdocs\wp3\UAS_Web3\system\View\View.php(220): include('C:\\xampp\\htdocs...')
#2 C:\xampp\htdocs\wp3\UAS_Web3\system\View\View.php(222): CodeIgniter\View\View->CodeIgniter\View\{closure}()
#3 C:\xampp\htdocs\wp3\UAS_Web3\system\Common.php(1217): CodeIgniter\View\View->render('navbar_view', Array, true)
#4 C:\xampp\htdocs\wp3\UAS_Web3\app\Controllers\Home.php(14): view('navbar_view')
#5 C:\xampp\htdocs\wp3\UAS_Web3\system\CodeIgniter.php(936): App\Controllers\Home->index()
#6 C:\xampp\htdocs\wp3\UAS_Web3\system\CodeIgniter.php(432): CodeIgniter\CodeIgniter->runController(Object(App\Controllers\Home))
#7 C:\xampp\htdocs\wp3\UAS_Web3\system\CodeIgniter.php(333): CodeIgniter\CodeIgniter->handleRequest(NULL, Object(Config\Cache), false)
#8 C:\xampp\htdocs\wp3\UAS_Web3\public\index.php(44): CodeIgniter\CodeIgniter->run()
#9 {main}
CRITICAL - 2021-06-27 08:48:02 --> Undefined index: nama
#0 C:\xampp\htdocs\wp3\UAS_Web3\app\Views\navbar_view.php(31): CodeIgniter\Debug\Exceptions->errorHandler(8, 'Undefined index...', 'C:\\xampp\\htdocs...', 31, Array)
#1 C:\xampp\htdocs\wp3\UAS_Web3\system\View\View.php(220): include('C:\\xampp\\htdocs...')
#2 C:\xampp\htdocs\wp3\UAS_Web3\system\View\View.php(222): CodeIgniter\View\View->CodeIgniter\View\{closure}()
#3 C:\xampp\htdocs\wp3\UAS_Web3\system\Common.php(1217): CodeIgniter\View\View->render('navbar_view', Array, true)
#4 C:\xampp\htdocs\wp3\UAS_Web3\app\Controllers\Home.php(14): view('navbar_view')
#5 C:\xampp\htdocs\wp3\UAS_Web3\system\CodeIgniter.php(936): App\Controllers\Home->index()
#6 C:\xampp\htdocs\wp3\UAS_Web3\system\CodeIgniter.php(432): CodeIgniter\CodeIgniter->runController(Object(App\Controllers\Home))
#7 C:\xampp\htdocs\wp3\UAS_Web3\system\CodeIgniter.php(333): CodeIgniter\CodeIgniter->handleRequest(NULL, Object(Config\Cache), false)
#8 C:\xampp\htdocs\wp3\UAS_Web3\public\index.php(44): CodeIgniter\CodeIgniter->run()
#9 {main}
CRITICAL - 2021-06-27 08:48:06 --> Undefined index: nama
#0 C:\xampp\htdocs\wp3\UAS_Web3\app\Views\navbar_view.php(31): CodeIgniter\Debug\Exceptions->errorHandler(8, 'Undefined index...', 'C:\\xampp\\htdocs...', 31, Array)
#1 C:\xampp\htdocs\wp3\UAS_Web3\system\View\View.php(220): include('C:\\xampp\\htdocs...')
#2 C:\xampp\htdocs\wp3\UAS_Web3\system\View\View.php(222): CodeIgniter\View\View->CodeIgniter\View\{closure}()
#3 C:\xampp\htdocs\wp3\UAS_Web3\system\Common.php(1217): CodeIgniter\View\View->render('navbar_view', Array, true)
#4 C:\xampp\htdocs\wp3\UAS_Web3\app\Controllers\Home.php(14): view('navbar_view')
#5 C:\xampp\htdocs\wp3\UAS_Web3\system\CodeIgniter.php(936): App\Controllers\Home->index()
#6 C:\xampp\htdocs\wp3\UAS_Web3\system\CodeIgniter.php(432): CodeIgniter\CodeIgniter->runController(Object(App\Controllers\Home))
#7 C:\xampp\htdocs\wp3\UAS_Web3\system\CodeIgniter.php(333): CodeIgniter\CodeIgniter->handleRequest(NULL, Object(Config\Cache), false)
#8 C:\xampp\htdocs\wp3\UAS_Web3\public\index.php(44): CodeIgniter\CodeIgniter->run()
#9 {main}
CRITICAL - 2021-06-27 08:48:40 --> Undefined index: nama
#0 C:\xampp\htdocs\wp3\UAS_Web3\app\Views\navbar_view.php(31): CodeIgniter\Debug\Exceptions->errorHandler(8, 'Undefined index...', 'C:\\xampp\\htdocs...', 31, Array)
#1 C:\xampp\htdocs\wp3\UAS_Web3\system\View\View.php(220): include('C:\\xampp\\htdocs...')
#2 C:\xampp\htdocs\wp3\UAS_Web3\system\View\View.php(222): CodeIgniter\View\View->CodeIgniter\View\{closure}()
#3 C:\xampp\htdocs\wp3\UAS_Web3\system\Common.php(1217): CodeIgniter\View\View->render('navbar_view', Array, true)
#4 C:\xampp\htdocs\wp3\UAS_Web3\app\Controllers\Home.php(14): view('navbar_view')
#5 C:\xampp\htdocs\wp3\UAS_Web3\system\CodeIgniter.php(936): App\Controllers\Home->index()
#6 C:\xampp\htdocs\wp3\UAS_Web3\system\CodeIgniter.php(432): CodeIgniter\CodeIgniter->runController(Object(App\Controllers\Home))
#7 C:\xampp\htdocs\wp3\UAS_Web3\system\CodeIgniter.php(333): CodeIgniter\CodeIgniter->handleRequest(NULL, Object(Config\Cache), false)
#8 C:\xampp\htdocs\wp3\UAS_Web3\public\index.php(44): CodeIgniter\CodeIgniter->run()
#9 {main}
CRITICAL - 2021-06-27 08:56:06 --> Undefined index: nama
#0 C:\xampp\htdocs\wp3\UAS_Web3\app\Views\navbar_view.php(68): CodeIgniter\Debug\Exceptions->errorHandler(8, 'Undefined index...', 'C:\\xampp\\htdocs...', 68, Array)
#1 C:\xampp\htdocs\wp3\UAS_Web3\system\View\View.php(220): include('C:\\xampp\\htdocs...')
#2 C:\xampp\htdocs\wp3\UAS_Web3\system\View\View.php(222): CodeIgniter\View\View->CodeIgniter\View\{closure}()
#3 C:\xampp\htdocs\wp3\UAS_Web3\system\Common.php(1217): CodeIgniter\View\View->render('navbar_view', Array, true)
#4 C:\xampp\htdocs\wp3\UAS_Web3\app\Controllers\Home.php(14): view('navbar_view')
#5 C:\xampp\htdocs\wp3\UAS_Web3\system\CodeIgniter.php(936): App\Controllers\Home->index()
#6 C:\xampp\htdocs\wp3\UAS_Web3\system\CodeIgniter.php(432): CodeIgniter\CodeIgniter->runController(Object(App\Controllers\Home))
#7 C:\xampp\htdocs\wp3\UAS_Web3\system\CodeIgniter.php(333): CodeIgniter\CodeIgniter->handleRequest(NULL, Object(Config\Cache), false)
#8 C:\xampp\htdocs\wp3\UAS_Web3\public\index.php(44): CodeIgniter\CodeIgniter->run()
#9 {main}
CRITICAL - 2021-06-27 09:01:15 --> syntax error, unexpected end of file
#0 C:\xampp\htdocs\wp3\UAS_Web3\system\View\View.php(222): CodeIgniter\View\View->CodeIgniter\View\{closure}()
#1 C:\xampp\htdocs\wp3\UAS_Web3\system\Common.php(1217): CodeIgniter\View\View->render('navbar_view', Array, true)
#2 C:\xampp\htdocs\wp3\UAS_Web3\app\Controllers\Home.php(14): view('navbar_view')
#3 C:\xampp\htdocs\wp3\UAS_Web3\system\CodeIgniter.php(936): App\Controllers\Home->index()
#4 C:\xampp\htdocs\wp3\UAS_Web3\system\CodeIgniter.php(432): CodeIgniter\CodeIgniter->runController(Object(App\Controllers\Home))
#5 C:\xampp\htdocs\wp3\UAS_Web3\system\CodeIgniter.php(333): CodeIgniter\CodeIgniter->handleRequest(NULL, Object(Config\Cache), false)
#6 C:\xampp\htdocs\wp3\UAS_Web3\public\index.php(44): CodeIgniter\CodeIgniter->run()
#7 {main}
