CRITICAL - 2021-06-12 04:48:03 --> Invalid file: login.php
#0 C:\xampp\htdocs\wp3\UAS_Web3\system\View\View.php(203): CodeIgniter\Exceptions\FrameworkException::forInvalidFile('login.php')
#1 C:\xampp\htdocs\wp3\UAS_Web3\system\Common.php(1217): CodeIgniter\View\View->render('login', Array, true)
#2 C:\xampp\htdocs\wp3\UAS_Web3\app\Controllers\Home.php(13): view('login')
#3 C:\xampp\htdocs\wp3\UAS_Web3\system\CodeIgniter.php(936): App\Controllers\Home->login()
#4 C:\xampp\htdocs\wp3\UAS_Web3\system\CodeIgniter.php(432): CodeIgniter\CodeIgniter->runController(Object(App\Controllers\Home))
#5 C:\xampp\htdocs\wp3\UAS_Web3\system\CodeIgniter.php(333): CodeIgniter\CodeIgniter->handleRequest(NULL, Object(Config\Cache), false)
#6 C:\xampp\htdocs\wp3\UAS_Web3\public\index.php(44): CodeIgniter\CodeIgniter->run()
#7 {main}
CRITICAL - 2021-06-12 05:01:22 --> syntax error, unexpected '{', expecting '('
#0 C:\xampp\htdocs\wp3\UAS_Web3\system\Autoloader\Autoloader.php(265): CodeIgniter\Autoloader\Autoloader->includeFile('C:\\xampp\\htdocs...')
#1 C:\xampp\htdocs\wp3\UAS_Web3\system\Autoloader\Autoloader.php(228): CodeIgniter\Autoloader\Autoloader->loadInNamespace('App\\Controllers...')
#2 [internal function]: CodeIgniter\Autoloader\Autoloader->loadClass('App\\Controllers...')
#3 [internal function]: spl_autoload_call('App\\Controllers...')
#4 C:\xampp\htdocs\wp3\UAS_Web3\system\CodeIgniter.php(893): class_exists('\\App\\Controller...', true)
#5 C:\xampp\htdocs\wp3\UAS_Web3\system\CodeIgniter.php(417): CodeIgniter\CodeIgniter->startController()
#6 C:\xampp\htdocs\wp3\UAS_Web3\system\CodeIgniter.php(333): CodeIgniter\CodeIgniter->handleRequest(NULL, Object(Config\Cache), false)
#7 C:\xampp\htdocs\wp3\UAS_Web3\public\index.php(44): CodeIgniter\CodeIgniter->run()
#8 {main}
CRITICAL - 2021-06-12 05:25:20 --> include(htmlhead.php): failed to open stream: No such file or directory
#0 C:\xampp\htdocs\wp3\UAS_Web3\app\Views\home_view.php(2): CodeIgniter\Debug\Exceptions->errorHandler(2, 'include(htmlhea...', 'C:\\xampp\\htdocs...', 2, Array)
#1 C:\xampp\htdocs\wp3\UAS_Web3\app\Views\home_view.php(2): include()
#2 C:\xampp\htdocs\wp3\UAS_Web3\system\View\View.php(220): include('C:\\xampp\\htdocs...')
#3 C:\xampp\htdocs\wp3\UAS_Web3\system\View\View.php(222): CodeIgniter\View\View->CodeIgniter\View\{closure}()
#4 C:\xampp\htdocs\wp3\UAS_Web3\system\Common.php(1217): CodeIgniter\View\View->render('home_view', Array, true)
#5 C:\xampp\htdocs\wp3\UAS_Web3\app\Controllers\Home.php(19): view('home_view')
#6 C:\xampp\htdocs\wp3\UAS_Web3\system\CodeIgniter.php(936): App\Controllers\Home->home()
#7 C:\xampp\htdocs\wp3\UAS_Web3\system\CodeIgniter.php(432): CodeIgniter\CodeIgniter->runController(Object(App\Controllers\Home))
#8 C:\xampp\htdocs\wp3\UAS_Web3\system\CodeIgniter.php(333): CodeIgniter\CodeIgniter->handleRequest(NULL, Object(Config\Cache), false)
#9 C:\xampp\htdocs\wp3\UAS_Web3\public\index.php(44): CodeIgniter\CodeIgniter->run()
#10 {main}
CRITICAL - 2021-06-12 05:25:47 --> include(header.php): failed to open stream: No such file or directory
#0 C:\xampp\htdocs\wp3\UAS_Web3\app\Views\home_view.php(2): CodeIgniter\Debug\Exceptions->errorHandler(2, 'include(header....', 'C:\\xampp\\htdocs...', 2, Array)
#1 C:\xampp\htdocs\wp3\UAS_Web3\app\Views\home_view.php(2): include()
#2 C:\xampp\htdocs\wp3\UAS_Web3\system\View\View.php(220): include('C:\\xampp\\htdocs...')
#3 C:\xampp\htdocs\wp3\UAS_Web3\system\View\View.php(222): CodeIgniter\View\View->CodeIgniter\View\{closure}()
#4 C:\xampp\htdocs\wp3\UAS_Web3\system\Common.php(1217): CodeIgniter\View\View->render('home_view', Array, true)
#5 C:\xampp\htdocs\wp3\UAS_Web3\app\Controllers\Home.php(19): view('home_view')
#6 C:\xampp\htdocs\wp3\UAS_Web3\system\CodeIgniter.php(936): App\Controllers\Home->home()
#7 C:\xampp\htdocs\wp3\UAS_Web3\system\CodeIgniter.php(432): CodeIgniter\CodeIgniter->runController(Object(App\Controllers\Home))
#8 C:\xampp\htdocs\wp3\UAS_Web3\system\CodeIgniter.php(333): CodeIgniter\CodeIgniter->handleRequest(NULL, Object(Config\Cache), false)
#9 C:\xampp\htdocs\wp3\UAS_Web3\public\index.php(44): CodeIgniter\CodeIgniter->run()
#10 {main}
CRITICAL - 2021-06-12 05:26:03 --> include(footer.php): failed to open stream: No such file or directory
#0 C:\xampp\htdocs\wp3\UAS_Web3\app\Views\home_view.php(71): CodeIgniter\Debug\Exceptions->errorHandler(2, 'include(footer....', 'C:\\xampp\\htdocs...', 71, Array)
#1 C:\xampp\htdocs\wp3\UAS_Web3\app\Views\home_view.php(71): include()
#2 C:\xampp\htdocs\wp3\UAS_Web3\system\View\View.php(220): include('C:\\xampp\\htdocs...')
#3 C:\xampp\htdocs\wp3\UAS_Web3\system\View\View.php(222): CodeIgniter\View\View->CodeIgniter\View\{closure}()
#4 C:\xampp\htdocs\wp3\UAS_Web3\system\Common.php(1217): CodeIgniter\View\View->render('home_view', Array, true)
#5 C:\xampp\htdocs\wp3\UAS_Web3\app\Controllers\Home.php(19): view('home_view')
#6 C:\xampp\htdocs\wp3\UAS_Web3\system\CodeIgniter.php(936): App\Controllers\Home->home()
#7 C:\xampp\htdocs\wp3\UAS_Web3\system\CodeIgniter.php(432): CodeIgniter\CodeIgniter->runController(Object(App\Controllers\Home))
#8 C:\xampp\htdocs\wp3\UAS_Web3\system\CodeIgniter.php(333): CodeIgniter\CodeIgniter->handleRequest(NULL, Object(Config\Cache), false)
#9 C:\xampp\htdocs\wp3\UAS_Web3\public\index.php(44): CodeIgniter\CodeIgniter->run()
#10 {main}
